

<!DOCTYPE html>
<html>
<head>
<meta charset="UTF-8">
<meta name="viewport" content="width=device-width, initial-scale=1, shrink-to-fit=no">
<title></title>
<link rel="apple-touch-icon" href="https://cdn.jsdelivr.net/gh/extent-framework/extent-github-cdn@b00a2d0486596e73dd7326beacf352c639623a0e/commons/img/logo.png">
<link rel="shortcut icon" href="https://cdn.jsdelivr.net/gh/extent-framework/extent-github-cdn@b00a2d0486596e73dd7326beacf352c639623a0e/commons/img/logo.png">
<link href="https://cdn.jsdelivr.net/gh/extent-framework/extent-github-cdn@d6562a79075e061305ccfdb82f01e5e195e2d307/spark/css/spark-style.css" rel="stylesheet" />
<link href="https://stackpath.bootstrapcdn.com/font-awesome/4.7.0/css/font-awesome.min.css" rel="stylesheet">
<script src="https://cdn.jsdelivr.net/gh/extent-framework/extent-github-cdn@7cc78ce/spark/js/jsontree.js"></script>
<style type="text/css"></style></head><body class="spa bdd-report standard">
  <div class="app">
    <div class="layout">
<div class="header navbar">
<div class="vheader">
<div class="nav-logo">
<a href="#">
<div class="logo" style="background-image: url('https://cdn.jsdelivr.net/gh/extent-framework/extent-github-cdn@b00a2d0486596e73dd7326beacf352c639623a0e/commons/img/logo.png')"></div>
</a>
</div>
<ul class="nav-left">
<li class="search-box">
<a class="search-toggle" href="#">
<i class="search-icon fa fa-search"></i>
<i class="search-icon-close fa fa-close"></i>
</a>
</li>
<li class="search-input"><input id="search-tests" class="form-control" type="text" placeholder="Search..."></li>
</ul>
<ul class="nav-right">
<li class="m-r-10">
<a href="#"><span class="badge badge-primary"></span></a>
</li>
<li class="m-r-10">
<a href="#"><span class="badge badge-primary">Nov 26, 2025 03:02:26 PM</span></a>
</li>
</ul>
</div>
</div><div class="side-nav">
<div class="side-nav-inner">
<ul class="side-nav-menu">
<li class="nav-item dropdown" onclick="toggleView('test-view')">
<a id="nav-test" class="dropdown-toggle" href="#">
<span class="ico"><i class="fa fa-list"></i></span>
</a>
</li>
<li class="nav-item dropdown" onclick="toggleView('exception-view')">
<a id="nav-exception" class="dropdown-toggle" href="#">
<span class="ico"><i class="fa fa-bug"></i></span>
</a>
</li>
<li class="nav-item dropdown" onclick="toggleView('category-view')">
<a id="nav-category" class="dropdown-toggle" href="#">
<span class="ico"><i class="fa fa-tag"></i></span>
</a>
</li>
<li class="nav-item dropdown" onclick="toggleView('dashboard-view')">
<a id="nav-dashboard" class="dropdown-toggle" href="#">
<span class="ico"><i class="fa fa-bar-chart"></i></span>
</a>
</li>
</ul>
</div>
</div>      <div class="vcontainer">
        <div class="main-content">
<div class="test-wrapper row view test-view">
  <div class="test-list">
    <div class="test-list-tools">
<ul class="tools pull-left">
<li><a href="#"><span class="font-size-14">Tests</span></a></li>
</ul>
<ul class="tools text-right">
<li class="dropdown">
<a href="#" class="dropdown-toggle" data-toggle="dropdown"><i class="fa fa-exclamation-circle"></i></a>
<ul id="status-toggle" class="dropdown-menu dropdown-md p-v-0">
<a class="dropdown-item" status="fail" href="#"><span>Fail</span><span class="status danger"></span></a>
<div class="dropdown-divider"></div>
<a status="clear" class="dropdown-item" href="#"><span>Clear</span><span class="pull-right"><i class="fa fa-close"></i></span></a>
</ul>
</li>
<li class="dropdown">
<a href="#" class="dropdown-toggle" data-toggle="dropdown"><i class="fa fa-tag"></i></a>
<ul id="tag-toggle" class="dropdown-menu dropdown-md p-v-0">
<a class="dropdown-item" href="#">@tag10</a><a class="dropdown-item" href="#">@tag4</a><a class="dropdown-item" href="#">@tag6</a><a class="dropdown-item" href="#">@tag9</a><a class="dropdown-item" href="#">@tag3</a><a class="dropdown-item" href="#">@tag5</a><a class="dropdown-item" href="#">@tag</a><a class="dropdown-item" href="#">@tag1</a><a class="dropdown-item" href="#">@tag8</a><a class="dropdown-item" href="#">@tag12</a><a class="dropdown-item" href="#">@tag7</a><a class="dropdown-item" href="#">@tag2</a><a class="dropdown-item" href="#">@tag11</a>
</ul>
</li>
</ul>
</div>    <div class="test-list-wrapper scrollable">
      <ul class="test-list-item">
        <li class="test-item"  status="fail" test-id="1"
          author=""
          tag=""
          device="">
          <div class="test-detail">
            <p class="name">Functional Testing</p>
            <p class="text-sm">
              <span>3:02:28 PM</span> / <span>00:06:21:643</span>
              <span class="badge fail-bg log float-right">Fail</span>
            </p>
          </div>
          <div class="test-contents d-none">
<div class="detail-head">
<div class="p-v-10">
<div class="info">
<h5 class="test-status text-fail">Functional Testing</h5>
<span class='badge badge-success'>11.26.2025 3:02:28 PM</span>
<span class='badge badge-danger'>11.26.2025 3:08:49 PM</span>
<span class='badge badge-default'>00:06:21:643</span>
&middot; <span class='uri-anchor badge badge-default'>#test-id=1</span>
<span class='badge badge-default pointer float-right ml-1 et'><i class="fa fa-chevron-down"></i></span>
<span class='badge badge-default pointer float-right ct'><i class="fa fa-chevron-up"></i></span>
</div>
<div class="m-t-10 m-l-5"></div>
</div>
</div>
<div class="accordion mt-4">
  <div class="card">
    <div class="card-header" role="tab">
      <div class="card-title">
        <div class="node" id="2"><span class="badge log pass-bg mr-2">Pass</span>Verify whether user is able to login the application with valid credentials</div>
      </div>
    </div>
        <div class="collapse">
          <div class="card-body">
              <div class="step pass-bg" title="StepDefinition.AllSteps.enter_the_url()">
                <span>Given Enter the URL</span>
      <div>
      </div>
              </div>
              <div class="step pass-bg" title="StepDefinition.AllSteps.enter_username_and_password()">
                <span>When Enter username and password</span>
      <div>
      </div>
              </div>
              <div class="step pass-bg" title="StepDefinition.AllSteps.click_on_privacy_checkbox()">
                <span>And Click on privacy checkbox</span>
      <div>
      </div>
              </div>
              <div class="step pass-bg" title="StepDefinition.AllSteps.click_on_signin_button()">
                <span>And Click on Signin button</span>
      <div>
      </div>
              </div>
              <div class="step pass-bg" title="StepDefinition.AllSteps.click_on_drop_down_and_select_the_value()">
                <span>And Click on drop down and select the value</span>
      <div>
      </div>
              </div>
              <div class="step pass-bg" title="StepDefinition.AllSteps.click_on_enter_button()">
                <span>And Click on Enter button</span>
      <div>
      </div>
              </div>
              <div class="step pass-bg" title="StepDefinition.AllSteps.user_should_be_able_to_view_dashboard_page()">
                <span>Then User should be able to view dashboard page</span>
      <div>
      </div>
              </div>
          </div>
        </div>
  </div>
  <div class="card">
    <div class="card-header" role="tab">
      <div class="card-title">
        <div class="node" id="12"><span class="badge log pass-bg mr-2">Pass</span>Verify whether after login the application user is able to perform click operation in cardholder module</div>
      </div>
    </div>
        <div class="collapse">
          <div class="card-body">
              <div class="step pass-bg" title="StepDefinition.AllSteps.enter_the_url()">
                <span>Given Enter the URL</span>
      <div>
      </div>
              </div>
              <div class="step pass-bg" title="StepDefinition.AllSteps.enter_username_and_password()">
                <span>When Enter username and password</span>
      <div>
      </div>
              </div>
              <div class="step pass-bg" title="StepDefinition.AllSteps.click_on_privacy_checkbox()">
                <span>And Click on privacy checkbox</span>
      <div>
      </div>
              </div>
              <div class="step pass-bg" title="StepDefinition.AllSteps.click_on_signin_button()">
                <span>And Click on Signin button</span>
      <div>
      </div>
              </div>
              <div class="step pass-bg" title="StepDefinition.AllSteps.click_on_drop_down_and_select_the_value()">
                <span>And Click on drop down and select the value</span>
      <div>
      </div>
              </div>
              <div class="step pass-bg" title="StepDefinition.AllSteps.click_on_enter_button()">
                <span>And Click on Enter button</span>
      <div>
      </div>
              </div>
              <div class="step pass-bg" title="StepDefinition.AllSteps.user_should_be_able_to_view_dashboard_page()">
                <span>Then User should be able to view dashboard page</span>
      <div>
      </div>
              </div>
              <div class="step pass-bg" title="StepDefinition.AllSteps.click_on_cardholder_module()">
                <span>And Click on cardholder module</span>
      <div>
      </div>
              </div>
              <div class="step pass-bg" title="StepDefinition.AllSteps.click_on_cardholder_submodule()">
                <span>And Click on cardholder submodule</span>
      <div>
      </div>
              </div>
              <div class="step pass-bg" title="StepDefinition.AllSteps.user_should_be_able_to_view_all_records_of_cardholders_on_console()">
                <span>Then User should be able to view all records of cardholders on console</span>
      <div>
      </div>
              </div>
          </div>
        </div>
  </div>
  <div class="card">
    <div class="card-header" role="tab">
      <div class="card-title">
        <div class="node" id="25"><span class="badge log pass-bg mr-2">Pass</span>Verify whether user is able to create carholder by entering valid data</div>
      </div>
    </div>
        <div class="collapse">
          <div class="card-body">
              <div class="step pass-bg" title="StepDefinition.AllSteps.enter_the_url()">
                <span>Given Enter the URL</span>
      <div>
      </div>
              </div>
              <div class="step pass-bg" title="StepDefinition.AllSteps.enter_username_and_password()">
                <span>When Enter username and password</span>
      <div>
      </div>
              </div>
              <div class="step pass-bg" title="StepDefinition.AllSteps.click_on_privacy_checkbox()">
                <span>And Click on privacy checkbox</span>
      <div>
      </div>
              </div>
              <div class="step pass-bg" title="StepDefinition.AllSteps.click_on_signin_button()">
                <span>And Click on Signin button</span>
      <div>
      </div>
              </div>
              <div class="step pass-bg" title="StepDefinition.AllSteps.click_on_drop_down_and_select_the_value()">
                <span>And Click on drop down and select the value</span>
      <div>
      </div>
              </div>
              <div class="step pass-bg" title="StepDefinition.AllSteps.click_on_enter_button()">
                <span>And Click on Enter button</span>
      <div>
      </div>
              </div>
              <div class="step pass-bg" title="StepDefinition.AllSteps.user_should_be_able_to_view_dashboard_page()">
                <span>Then User should be able to view dashboard page</span>
      <div>
      </div>
              </div>
              <div class="step pass-bg" title="StepDefinition.AllSteps.click_on_cardholder_module()">
                <span>And Click on cardholder module</span>
      <div>
      </div>
              </div>
              <div class="step pass-bg" title="StepDefinition.AllSteps.click_on_cardholder_submodule()">
                <span>And Click on cardholder submodule</span>
      <div>
      </div>
              </div>
              <div class="step pass-bg" title="StepDefinition.AllSteps.click_on_create_icon_button()">
                <span>And Click on create icon button</span>
      <div>
      </div>
              </div>
              <div class="step pass-bg" title="StepDefinition.AllSteps.enter_all_the_information_of_cardholders()">
                <span>And Enter all the information of cardholders</span>
      <div>
      </div>
              </div>
              <div class="step pass-bg" title="StepDefinition.AllSteps.click_on_add_button()">
                <span>And Click on Add button</span>
      <div>
      </div>
              </div>
              <div class="step pass-bg" title="StepDefinition.AllSteps.user_should_be_able_to_view_success_message()">
                <span>Then User should be able to view success message</span>
      <div>
      </div>
              </div>
          </div>
        </div>
  </div>
  <div class="card">
    <div class="card-header" role="tab">
      <div class="card-title">
        <div class="node" id="41"><span class="badge log pass-bg mr-2">Pass</span>Verify whether user is able to create Department</div>
      </div>
    </div>
        <div class="collapse">
          <div class="card-body">
              <div class="step pass-bg" title="StepDefinition.AllSteps.enter_the_url()">
                <span>Given Enter the URL</span>
      <div>
      </div>
              </div>
              <div class="step pass-bg" title="StepDefinition.AllSteps.enter_username_and_password()">
                <span>When Enter username and password</span>
      <div>
      </div>
              </div>
              <div class="step pass-bg" title="StepDefinition.AllSteps.click_on_privacy_checkbox()">
                <span>And Click on privacy checkbox</span>
      <div>
      </div>
              </div>
              <div class="step pass-bg" title="StepDefinition.AllSteps.click_on_signin_button()">
                <span>And Click on Signin button</span>
      <div>
      </div>
              </div>
              <div class="step pass-bg" title="StepDefinition.AllSteps.click_on_drop_down_and_select_the_value()">
                <span>And Click on drop down and select the value</span>
      <div>
      </div>
              </div>
              <div class="step pass-bg" title="StepDefinition.AllSteps.click_on_enter_button()">
                <span>And Click on Enter button</span>
      <div>
      </div>
              </div>
              <div class="step pass-bg" title="StepDefinition.AllSteps.user_should_be_able_to_view_dashboard_page()">
                <span>Then User should be able to view dashboard page</span>
      <div>
      </div>
              </div>
              <div class="step pass-bg" title="StepDefinition.AllSteps.click_on_cardholder_module()">
                <span>And Click on cardholder module</span>
      <div>
      </div>
              </div>
              <div class="step pass-bg" title="StepDefinition.AllSteps.click_on_department_submodule()">
                <span>And Click on Department submodule</span>
      <div>
      </div>
              </div>
              <div class="step pass-bg" title="StepDefinition.AllSteps.click_on_create_icon_button_of_department()">
                <span>And Click on Create icon button of Department</span>
      <div>
      </div>
              </div>
              <div class="step pass-bg" title="StepDefinition.AllSteps.enter_all_the_data()">
                <span>And Enter All the data</span>
      <div>
      </div>
              </div>
              <div class="step pass-bg" title="StepDefinition.AllSteps.click_on_add_button_of_department()">
                <span>And Click on Add button of Department</span>
      <div>
      </div>
              </div>
              <div class="step pass-bg" title="StepDefinition.AllSteps.user_should_be_able_to_view_success_message_of_created_department()">
                <span>Then User should be able to view success message of created department</span>
      <div>
      </div>
              </div>
          </div>
        </div>
  </div>
  <div class="card">
    <div class="card-header" role="tab">
      <div class="card-title">
        <div class="node" id="57"><span class="badge log pass-bg mr-2">Pass</span>Verify whether user is able to import the valid file like xls and csv</div>
      </div>
    </div>
        <div class="collapse">
          <div class="card-body">
              <div class="step pass-bg" title="StepDefinition.AllSteps.enter_the_url()">
                <span>Given Enter the URL</span>
      <div>
      </div>
              </div>
              <div class="step pass-bg" title="StepDefinition.AllSteps.enter_username_and_password()">
                <span>When Enter username and password</span>
      <div>
      </div>
              </div>
              <div class="step pass-bg" title="StepDefinition.AllSteps.click_on_privacy_checkbox()">
                <span>And Click on privacy checkbox</span>
      <div>
      </div>
              </div>
              <div class="step pass-bg" title="StepDefinition.AllSteps.click_on_signin_button()">
                <span>And Click on Signin button</span>
      <div>
      </div>
              </div>
              <div class="step pass-bg" title="StepDefinition.AllSteps.click_on_drop_down_and_select_the_value()">
                <span>And Click on drop down and select the value</span>
      <div>
      </div>
              </div>
              <div class="step pass-bg" title="StepDefinition.AllSteps.click_on_enter_button()">
                <span>And Click on Enter button</span>
      <div>
      </div>
              </div>
              <div class="step pass-bg" title="StepDefinition.AllSteps.user_should_be_able_to_view_dashboard_page()">
                <span>Then User should be able to view dashboard page</span>
      <div>
      </div>
              </div>
              <div class="step pass-bg" title="StepDefinition.AllSteps.click_on_cardholder_module()">
                <span>And Click on cardholder module</span>
      <div>
      </div>
              </div>
              <div class="step pass-bg" title="StepDefinition.AllSteps.click_on_department_submodule()">
                <span>And Click on Department submodule</span>
      <div>
      </div>
              </div>
              <div class="step pass-bg" title="StepDefinition.AllSteps.click_on_import_icon_button()">
                <span>And Click on Import Icon button</span>
      <div>
      </div>
              </div>
              <div class="step pass-bg" title="StepDefinition.AllSteps.select_the_file_from_the_system()">
                <span>And Select the file from the System</span>
      <div>
      </div>
              </div>
              <div class="step pass-bg" title="StepDefinition.AllSteps.click_on_import_button()">
                <span>And Click on Import button</span>
      <div>
      </div>
              </div>
              <div class="step pass-bg" title="StepDefinition.AllSteps.user_should_be_able_to_view_succes_and_error_count_message()">
                <span>Then User should be able to view Succes and Error count message</span>
      <div>
      </div>
              </div>
          </div>
        </div>
  </div>
  <div class="card">
    <div class="card-header" role="tab">
      <div class="card-title">
        <div class="node" id="73"><span class="badge log pass-bg mr-2">Pass</span>Verify whether user is able to Edit the data in edit department page</div>
      </div>
    </div>
        <div class="collapse">
          <div class="card-body">
              <div class="step pass-bg" title="StepDefinition.AllSteps.enter_the_url()">
                <span>Given Enter the URL</span>
      <div>
      </div>
              </div>
              <div class="step pass-bg" title="StepDefinition.AllSteps.enter_username_and_password()">
                <span>When Enter username and password</span>
      <div>
      </div>
              </div>
              <div class="step pass-bg" title="StepDefinition.AllSteps.click_on_privacy_checkbox()">
                <span>And Click on privacy checkbox</span>
      <div>
      </div>
              </div>
              <div class="step pass-bg" title="StepDefinition.AllSteps.click_on_signin_button()">
                <span>And Click on Signin button</span>
      <div>
      </div>
              </div>
              <div class="step pass-bg" title="StepDefinition.AllSteps.click_on_drop_down_and_select_the_value()">
                <span>And Click on drop down and select the value</span>
      <div>
      </div>
              </div>
              <div class="step pass-bg" title="StepDefinition.AllSteps.click_on_enter_button()">
                <span>And Click on Enter button</span>
      <div>
      </div>
              </div>
              <div class="step pass-bg" title="StepDefinition.AllSteps.user_should_be_able_to_view_dashboard_page()">
                <span>Then User should be able to view dashboard page</span>
      <div>
      </div>
              </div>
              <div class="step pass-bg" title="StepDefinition.AllSteps.click_on_cardholder_module()">
                <span>And Click on cardholder module</span>
      <div>
      </div>
              </div>
              <div class="step pass-bg" title="StepDefinition.AllSteps.click_on_department_submodule()">
                <span>And Click on Department submodule</span>
      <div>
      </div>
              </div>
              <div class="step pass-bg" title="StepDefinition.AllSteps.click_on_edit_icon_button()">
                <span>And Click on Edit icon button</span>
      <div>
      </div>
              </div>
              <div class="step pass-bg" title="StepDefinition.AllSteps.edit_the_data()">
                <span>And Edit the data</span>
      <div>
      </div>
              </div>
              <div class="step pass-bg" title="StepDefinition.AllSteps.click_on_save_button()">
                <span>And Click on Save button</span>
      <div>
      </div>
              </div>
              <div class="step pass-bg" title="StepDefinition.AllSteps.user_should_be_able_to_view_success_message_of_edit_department()">
                <span>Then User should be able to view success message of edit department</span>
      <div>
      </div>
              </div>
          </div>
        </div>
  </div>
  <div class="card">
    <div class="card-header" role="tab">
      <div class="card-title">
        <div class="node" id="89"><span class="badge log pass-bg mr-2">Pass</span>Verify whether user is able to delete the single records from department list page which is unmapped</div>
      </div>
    </div>
        <div class="collapse">
          <div class="card-body">
              <div class="step pass-bg" title="StepDefinition.AllSteps.enter_the_url()">
                <span>Given Enter the URL</span>
      <div>
      </div>
              </div>
              <div class="step pass-bg" title="StepDefinition.AllSteps.enter_username_and_password()">
                <span>When Enter username and password</span>
      <div>
      </div>
              </div>
              <div class="step pass-bg" title="StepDefinition.AllSteps.click_on_privacy_checkbox()">
                <span>And Click on privacy checkbox</span>
      <div>
      </div>
              </div>
              <div class="step pass-bg" title="StepDefinition.AllSteps.click_on_signin_button()">
                <span>And Click on Signin button</span>
      <div>
      </div>
              </div>
              <div class="step pass-bg" title="StepDefinition.AllSteps.click_on_drop_down_and_select_the_value()">
                <span>And Click on drop down and select the value</span>
      <div>
      </div>
              </div>
              <div class="step pass-bg" title="StepDefinition.AllSteps.click_on_enter_button()">
                <span>And Click on Enter button</span>
      <div>
      </div>
              </div>
              <div class="step pass-bg" title="StepDefinition.AllSteps.user_should_be_able_to_view_dashboard_page()">
                <span>Then User should be able to view dashboard page</span>
      <div>
      </div>
              </div>
              <div class="step pass-bg" title="StepDefinition.AllSteps.click_on_cardholder_module()">
                <span>And Click on cardholder module</span>
      <div>
      </div>
              </div>
              <div class="step pass-bg" title="StepDefinition.AllSteps.click_on_department_submodule()">
                <span>And Click on Department submodule</span>
      <div>
      </div>
              </div>
              <div class="step pass-bg" title="StepDefinition.AllSteps.click_on_delete_icon_button()">
                <span>And Click on delete icon button</span>
      <div>
      </div>
              </div>
              <div class="step pass-bg" title="StepDefinition.AllSteps.click_on_yes_button()">
                <span>And Click on Yes button</span>
      <div>
      </div>
              </div>
              <div class="step pass-bg" title="StepDefinition.AllSteps.user_should_be_able_to_view_success_message_of_deleted_records()">
                <span>Then User should be able to view success message of deleted records</span>
      <div>
      </div>
              </div>
          </div>
        </div>
  </div>
  <div class="card">
    <div class="card-header" role="tab">
      <div class="card-title">
        <div class="node" id="104"><span class="badge log fail-bg mr-2">Fail</span>Verify whether user is able to scroll the department list page and print all the records on console</div>
      </div>
    </div>
        <div class="">
          <div class="card-body">
              <div class="step pass-bg" title="StepDefinition.AllSteps.enter_the_url()">
                <span>Given Enter the URL</span>
      <div>
      </div>
              </div>
              <div class="step pass-bg" title="StepDefinition.AllSteps.enter_username_and_password()">
                <span>When Enter username and password</span>
      <div>
      </div>
              </div>
              <div class="step pass-bg" title="StepDefinition.AllSteps.click_on_privacy_checkbox()">
                <span>And Click on privacy checkbox</span>
      <div>
      </div>
              </div>
              <div class="step pass-bg" title="StepDefinition.AllSteps.click_on_signin_button()">
                <span>And Click on Signin button</span>
      <div>
      </div>
              </div>
              <div class="step fail-bg" title="StepDefinition.AllSteps.click_on_drop_down_and_select_the_value()">
                <span>And Click on drop down and select the value</span>
      <div>
        <textarea disabled class="code-block">org.openqa.selenium.TimeoutException: Expected condition failed: waiting for element to no longer be visible: By.cssSelector: .loader-container (tried for 20 second(s) with 500 milliseconds interval)
Build info: version: '4.28.1', revision: '73f5ad48a2'
System info: os.name: 'Windows 11', os.arch: 'amd64', os.version: '10.0', java.version: '23.0.1'
Driver info: org.openqa.selenium.chrome.ChromeDriver
Capabilities {acceptInsecureCerts: false, browserName: chrome, browserVersion: 142.0.7444.176, chrome: {chromedriverVersion: 142.0.7444.175 (302067f14a4..., userDataDir: C:\Users\rams9\AppData\Loca...}, fedcm:accounts: true, goog:chromeOptions: {debuggerAddress: localhost:64874}, goog:processID: 6664, networkConnectionEnabled: false, pageLoadStrategy: normal, platformName: windows, proxy: Proxy(), se:cdp: ws://localhost:64874/devtoo..., se:cdpVersion: 142.0.7444.176, setWindowRect: true, strictFileInteractability: false, timeouts: {implicit: 0, pageLoad: 300000, script: 30000}, unhandledPromptBehavior: dismiss and notify, webauthn:extension:credBlob: true, webauthn:extension:largeBlob: true, webauthn:extension:minPinLength: true, webauthn:extension:prf: true, webauthn:virtualAuthenticators: true}
Session ID: 6eb7758ea7f2d4a8bebfdd5e5e948bd8
	at org.openqa.selenium.support.ui.WebDriverWait.timeoutException(WebDriverWait.java:84)
	at org.openqa.selenium.support.ui.FluentWait.until(FluentWait.java:228)
	at StepDefinition.AllSteps.click_on_drop_down_and_select_the_value(AllSteps.java:111)
	at ✽.Click on drop down and select the value(file:///C:/Users/rams9/eclipse-workspace/Cielo365Project/./Feature/Feature.feature:105)
</textarea>
      
      </div>
              </div>
              <div class="step skip-bg" title="StepDefinition.AllSteps.click_on_enter_button()">
                <span>And Click on Enter button</span>
      <div>Step skipped
      </div>
              </div>
              <div class="step skip-bg" title="StepDefinition.AllSteps.user_should_be_able_to_view_dashboard_page()">
                <span>Then User should be able to view dashboard page</span>
      <div>Step skipped
      </div>
              </div>
              <div class="step skip-bg" title="StepDefinition.AllSteps.click_on_cardholder_module()">
                <span>And Click on cardholder module</span>
      <div>Step skipped
      </div>
              </div>
              <div class="step skip-bg" title="StepDefinition.AllSteps.click_on_department_submodule()">
                <span>And Click on Department submodule</span>
      <div>Step skipped
      </div>
              </div>
              <div class="step skip-bg" title="StepDefinition.AllSteps.user_should_be_able_to_scroll_the_page_and_print_all_the_records()">
                <span>Then User should be able to Scroll the page and print all the records</span>
      <div>Step skipped
      </div>
              </div>
          </div>
        </div>
  </div>
  <div class="card">
    <div class="card-header" role="tab">
      <div class="card-title">
        <div class="node" id="117"><span class="badge log fail-bg mr-2">Fail</span>Verify whether user is able to create position with valid data</div>
      </div>
    </div>
        <div class="">
          <div class="card-body">
              <div class="step pass-bg" title="StepDefinition.AllSteps.enter_the_url()">
                <span>Given Enter the URL</span>
      <div>
      </div>
              </div>
              <div class="step pass-bg" title="StepDefinition.AllSteps.enter_username_and_password()">
                <span>When Enter username and password</span>
      <div>
      </div>
              </div>
              <div class="step pass-bg" title="StepDefinition.AllSteps.click_on_privacy_checkbox()">
                <span>And Click on privacy checkbox</span>
      <div>
      </div>
              </div>
              <div class="step pass-bg" title="StepDefinition.AllSteps.click_on_signin_button()">
                <span>And Click on Signin button</span>
      <div>
      </div>
              </div>
              <div class="step pass-bg" title="StepDefinition.AllSteps.click_on_drop_down_and_select_the_value()">
                <span>And Click on drop down and select the value</span>
      <div>
      </div>
              </div>
              <div class="step pass-bg" title="StepDefinition.AllSteps.click_on_enter_button()">
                <span>And Click on Enter button</span>
      <div>
      </div>
              </div>
              <div class="step pass-bg" title="StepDefinition.AllSteps.user_should_be_able_to_view_dashboard_page()">
                <span>Then User should be able to view dashboard page</span>
      <div>
      </div>
              </div>
              <div class="step pass-bg" title="StepDefinition.AllSteps.click_on_cardholder_module()">
                <span>And Click on cardholder module</span>
      <div>
      </div>
              </div>
              <div class="step pass-bg" title="StepDefinition.AllSteps.click_on_position_submodule()">
                <span>And Click on position submodule</span>
      <div>
      </div>
              </div>
              <div class="step pass-bg" title="StepDefinition.AllSteps.click_on_create_postion_icon_button()">
                <span>And Click on create postion icon button</span>
      <div>
      </div>
              </div>
              <div class="step fail-bg" title="StepDefinition.AllSteps.enter_the_all_the_data_in_postion_page()">
                <span>And Enter the all the data in postion page</span>
      <div>
        <textarea disabled class="code-block">org.openqa.selenium.NoSuchElementException: no such element: Unable to locate element: {"method":"css selector","selector":"#deptName"}
  (Session info: chrome=142.0.7444.176)
For documentation on this error, please visit: https://www.selenium.dev/documentation/webdriver/troubleshooting/errors#no-such-element-exception
Build info: version: '4.28.1', revision: '73f5ad48a2'
System info: os.name: 'Windows 11', os.arch: 'amd64', os.version: '10.0', java.version: '23.0.1'
Driver info: org.openqa.selenium.chrome.ChromeDriver
Command: [3e17e41b2ab0012b8c8339262c4c9683, findElement {using=id, value=deptName}]
Capabilities {acceptInsecureCerts: false, browserName: chrome, browserVersion: 142.0.7444.176, chrome: {chromedriverVersion: 142.0.7444.175 (302067f14a4..., userDataDir: C:\Users\rams9\AppData\Loca...}, fedcm:accounts: true, goog:chromeOptions: {debuggerAddress: localhost:57698}, goog:processID: 14444, networkConnectionEnabled: false, pageLoadStrategy: normal, platformName: windows, proxy: Proxy(), se:cdp: ws://localhost:57698/devtoo..., se:cdpVersion: 142.0.7444.176, setWindowRect: true, strictFileInteractability: false, timeouts: {implicit: 0, pageLoad: 300000, script: 30000}, unhandledPromptBehavior: dismiss and notify, webauthn:extension:credBlob: true, webauthn:extension:largeBlob: true, webauthn:extension:minPinLength: true, webauthn:extension:prf: true, webauthn:virtualAuthenticators: true}
Session ID: 3e17e41b2ab0012b8c8339262c4c9683
	at java.base/jdk.internal.reflect.DirectConstructorHandleAccessor.newInstance(DirectConstructorHandleAccessor.java:62)
	at java.base/java.lang.reflect.Constructor.newInstanceWithCaller(Constructor.java:501)
	at java.base/java.lang.reflect.Constructor.newInstance(Constructor.java:485)
	at org.openqa.selenium.remote.ErrorCodec.decode(ErrorCodec.java:167)
	at org.openqa.selenium.remote.codec.w3c.W3CHttpResponseCodec.decode(W3CHttpResponseCodec.java:138)
	at org.openqa.selenium.remote.codec.w3c.W3CHttpResponseCodec.decode(W3CHttpResponseCodec.java:50)
	at org.openqa.selenium.remote.HttpCommandExecutor.execute(HttpCommandExecutor.java:215)
	at org.openqa.selenium.remote.service.DriverCommandExecutor.invokeExecute(DriverCommandExecutor.java:216)
	at org.openqa.selenium.remote.service.DriverCommandExecutor.execute(DriverCommandExecutor.java:174)
	at org.openqa.selenium.remote.RemoteWebDriver.execute(RemoteWebDriver.java:545)
	at org.openqa.selenium.remote.ElementLocation$ElementFinder$2.findElement(ElementLocation.java:165)
	at org.openqa.selenium.remote.ElementLocation.findElement(ElementLocation.java:59)
	at org.openqa.selenium.remote.RemoteWebDriver.findElement(RemoteWebDriver.java:368)
	at org.openqa.selenium.remote.RemoteWebDriver.findElement(RemoteWebDriver.java:362)
	at StepDefinition.AllSteps.enter_the_all_the_data_in_postion_page(AllSteps.java:437)
	at ✽.Enter the all the data in postion page(file:///C:/Users/rams9/eclipse-workspace/Cielo365Project/./Feature/Feature.feature:123)
</textarea>
      
      </div>
              </div>
              <div class="step skip-bg" title="StepDefinition.AllSteps.click_on_add_button_of_postions()">
                <span>And Click on Add button of postions</span>
      <div>Step skipped
      </div>
              </div>
              <div class="step skip-bg" title="StepDefinition.AllSteps.user_should_be_able_to_view_the_success_message_of_created_position()">
                <span>Then User should be able to view the success message of created position</span>
      <div>Step skipped
      </div>
              </div>
          </div>
        </div>
  </div>
  <div class="card">
    <div class="card-header" role="tab">
      <div class="card-title">
        <div class="node" id="133"><span class="badge log fail-bg mr-2">Fail</span>Verify whether us er is able to delete the postion</div>
      </div>
    </div>
        <div class="">
          <div class="card-body">
              <div class="step pass-bg" title="StepDefinition.AllSteps.enter_the_url()">
                <span>Given Enter the URL</span>
      <div>
      </div>
              </div>
              <div class="step pass-bg" title="StepDefinition.AllSteps.enter_username_and_password()">
                <span>When Enter username and password</span>
      <div>
      </div>
              </div>
              <div class="step pass-bg" title="StepDefinition.AllSteps.click_on_privacy_checkbox()">
                <span>And Click on privacy checkbox</span>
      <div>
      </div>
              </div>
              <div class="step pass-bg" title="StepDefinition.AllSteps.click_on_signin_button()">
                <span>And Click on Signin button</span>
      <div>
      </div>
              </div>
              <div class="step pass-bg" title="StepDefinition.AllSteps.click_on_drop_down_and_select_the_value()">
                <span>And Click on drop down and select the value</span>
      <div>
      </div>
              </div>
              <div class="step pass-bg" title="StepDefinition.AllSteps.click_on_enter_button()">
                <span>And Click on Enter button</span>
      <div>
      </div>
              </div>
              <div class="step pass-bg" title="StepDefinition.AllSteps.user_should_be_able_to_view_dashboard_page()">
                <span>Then User should be able to view dashboard page</span>
      <div>
      </div>
              </div>
              <div class="step pass-bg" title="StepDefinition.AllSteps.click_on_cardholder_module()">
                <span>And Click on cardholder module</span>
      <div>
      </div>
              </div>
              <div class="step pass-bg" title="StepDefinition.AllSteps.click_on_position_submodule()">
                <span>And Click on position submodule</span>
      <div>
      </div>
              </div>
              <div class="step fail-bg" title="StepDefinition.AllSteps.click_on_position_delete_button()">
                <span>And Click on Position delete button</span>
      <div>
        <textarea disabled class="code-block">org.openqa.selenium.NoSuchElementException: no such element: Unable to locate element: {"method":"xpath","selector":"(//button[@aria-label='Delete']/child::*[@height='20'])[1]"}
  (Session info: chrome=142.0.7444.176)
For documentation on this error, please visit: https://www.selenium.dev/documentation/webdriver/troubleshooting/errors#no-such-element-exception
Build info: version: '4.28.1', revision: '73f5ad48a2'
System info: os.name: 'Windows 11', os.arch: 'amd64', os.version: '10.0', java.version: '23.0.1'
Driver info: org.openqa.selenium.chrome.ChromeDriver
Command: [8f2c2a944206faadaf069ba53499caba, findElement {using=xpath, value=(//button[@aria-label='Delete']/child::*[@height='20'])[1]}]
Capabilities {acceptInsecureCerts: false, browserName: chrome, browserVersion: 142.0.7444.176, chrome: {chromedriverVersion: 142.0.7444.175 (302067f14a4..., userDataDir: C:\Users\rams9\AppData\Loca...}, fedcm:accounts: true, goog:chromeOptions: {debuggerAddress: localhost:56517}, goog:processID: 22820, networkConnectionEnabled: false, pageLoadStrategy: normal, platformName: windows, proxy: Proxy(), se:cdp: ws://localhost:56517/devtoo..., se:cdpVersion: 142.0.7444.176, setWindowRect: true, strictFileInteractability: false, timeouts: {implicit: 0, pageLoad: 300000, script: 30000}, unhandledPromptBehavior: dismiss and notify, webauthn:extension:credBlob: true, webauthn:extension:largeBlob: true, webauthn:extension:minPinLength: true, webauthn:extension:prf: true, webauthn:virtualAuthenticators: true}
Session ID: 8f2c2a944206faadaf069ba53499caba
	at java.base/jdk.internal.reflect.DirectConstructorHandleAccessor.newInstance(DirectConstructorHandleAccessor.java:62)
	at java.base/java.lang.reflect.Constructor.newInstanceWithCaller(Constructor.java:501)
	at java.base/java.lang.reflect.Constructor.newInstance(Constructor.java:485)
	at org.openqa.selenium.remote.ErrorCodec.decode(ErrorCodec.java:167)
	at org.openqa.selenium.remote.codec.w3c.W3CHttpResponseCodec.decode(W3CHttpResponseCodec.java:138)
	at org.openqa.selenium.remote.codec.w3c.W3CHttpResponseCodec.decode(W3CHttpResponseCodec.java:50)
	at org.openqa.selenium.remote.HttpCommandExecutor.execute(HttpCommandExecutor.java:215)
	at org.openqa.selenium.remote.service.DriverCommandExecutor.invokeExecute(DriverCommandExecutor.java:216)
	at org.openqa.selenium.remote.service.DriverCommandExecutor.execute(DriverCommandExecutor.java:174)
	at org.openqa.selenium.remote.RemoteWebDriver.execute(RemoteWebDriver.java:545)
	at org.openqa.selenium.remote.ElementLocation$ElementFinder$2.findElement(ElementLocation.java:165)
	at org.openqa.selenium.remote.ElementLocation.findElement(ElementLocation.java:59)
	at org.openqa.selenium.remote.RemoteWebDriver.findElement(RemoteWebDriver.java:368)
	at org.openqa.selenium.remote.RemoteWebDriver.findElement(RemoteWebDriver.java:362)
	at StepDefinition.AllSteps.click_on_position_delete_button(AllSteps.java:458)
	at ✽.Click on Position delete button(file:///C:/Users/rams9/eclipse-workspace/Cielo365Project/./Feature/Feature.feature:137)
</textarea>
      
      </div>
              </div>
              <div class="step skip-bg" title="StepDefinition.AllSteps.click_on_delete_button()">
                <span>And Click on delete button</span>
      <div>Step skipped
      </div>
              </div>
              <div class="step skip-bg" title="StepDefinition.AllSteps.user_should_be_able_to_view_delete_success_message()">
                <span>Then User should be able to view delete success message</span>
      <div>Step skipped
      </div>
              </div>
          </div>
        </div>
  </div>
  <div class="card">
    <div class="card-header" role="tab">
      <div class="card-title">
        <div class="node" id="148"><span class="badge log fail-bg mr-2">Fail</span>Verify whether user is able to upload the profile with valid extension</div>
      </div>
    </div>
        <div class="">
          <div class="card-body">
              <div class="step pass-bg" title="StepDefinition.AllSteps.enter_the_url()">
                <span>Given Enter the URL</span>
      <div>
      </div>
              </div>
              <div class="step pass-bg" title="StepDefinition.AllSteps.enter_username_and_password()">
                <span>When Enter username and password</span>
      <div>
      </div>
              </div>
              <div class="step pass-bg" title="StepDefinition.AllSteps.click_on_privacy_checkbox()">
                <span>And Click on privacy checkbox</span>
      <div>
      </div>
              </div>
              <div class="step pass-bg" title="StepDefinition.AllSteps.click_on_signin_button()">
                <span>And Click on Signin button</span>
      <div>
      </div>
              </div>
              <div class="step pass-bg" title="StepDefinition.AllSteps.click_on_drop_down_and_select_the_value()">
                <span>And Click on drop down and select the value</span>
      <div>
      </div>
              </div>
              <div class="step pass-bg" title="StepDefinition.AllSteps.click_on_enter_button()">
                <span>And Click on Enter button</span>
      <div>
      </div>
              </div>
              <div class="step pass-bg" title="StepDefinition.AllSteps.user_should_be_able_to_view_dashboard_page()">
                <span>Then User should be able to view dashboard page</span>
      <div>
      </div>
              </div>
              <div class="step pass-bg" title="StepDefinition.AllSteps.click_on_profile_icon()">
                <span>And Click on profile icon</span>
      <div>
      </div>
              </div>
              <div class="step pass-bg" title="StepDefinition.AllSteps.click_on_my_profile()">
                <span>And Click on my profile</span>
      <div>
      </div>
              </div>
              <div class="step pass-bg" title="StepDefinition.AllSteps.upload_the_image_from_the_system()">
                <span>And Upload the image from the System</span>
      <div>
      </div>
              </div>
              <div class="step pass-bg" title="StepDefinition.AllSteps.click_on_save_button()">
                <span>And Click on Save button</span>
      <div>
      </div>
              </div>
              <div class="step fail-bg" title="StepDefinition.AllSteps.user_should_be_able_to_view_success_message_after_uploading_the_image()">
                <span>Then User should be able to view success message after uploading the image</span>
      <div>
        <textarea disabled class="code-block">org.openqa.selenium.NoSuchElementException: no such element: Unable to locate element: {"method":"xpath","selector":"//p[text()='Profile updated successfully. Please re-login to see changes.']"}
  (Session info: chrome=142.0.7444.176)
For documentation on this error, please visit: https://www.selenium.dev/documentation/webdriver/troubleshooting/errors#no-such-element-exception
Build info: version: '4.28.1', revision: '73f5ad48a2'
System info: os.name: 'Windows 11', os.arch: 'amd64', os.version: '10.0', java.version: '23.0.1'
Driver info: org.openqa.selenium.chrome.ChromeDriver
Command: [ecc657434ae746aada53e1aeea13f7d2, findElement {using=xpath, value=//p[text()='Profile updated successfully. Please re-login to see changes.']}]
Capabilities {acceptInsecureCerts: false, browserName: chrome, browserVersion: 142.0.7444.176, chrome: {chromedriverVersion: 142.0.7444.175 (302067f14a4..., userDataDir: C:\Users\rams9\AppData\Loca...}, fedcm:accounts: true, goog:chromeOptions: {debuggerAddress: localhost:53827}, goog:processID: 25080, networkConnectionEnabled: false, pageLoadStrategy: normal, platformName: windows, proxy: Proxy(), se:cdp: ws://localhost:53827/devtoo..., se:cdpVersion: 142.0.7444.176, setWindowRect: true, strictFileInteractability: false, timeouts: {implicit: 0, pageLoad: 300000, script: 30000}, unhandledPromptBehavior: dismiss and notify, webauthn:extension:credBlob: true, webauthn:extension:largeBlob: true, webauthn:extension:minPinLength: true, webauthn:extension:prf: true, webauthn:virtualAuthenticators: true}
Session ID: ecc657434ae746aada53e1aeea13f7d2
	at java.base/jdk.internal.reflect.DirectConstructorHandleAccessor.newInstance(DirectConstructorHandleAccessor.java:62)
	at java.base/java.lang.reflect.Constructor.newInstanceWithCaller(Constructor.java:501)
	at java.base/java.lang.reflect.Constructor.newInstance(Constructor.java:485)
	at org.openqa.selenium.remote.ErrorCodec.decode(ErrorCodec.java:167)
	at org.openqa.selenium.remote.codec.w3c.W3CHttpResponseCodec.decode(W3CHttpResponseCodec.java:138)
	at org.openqa.selenium.remote.codec.w3c.W3CHttpResponseCodec.decode(W3CHttpResponseCodec.java:50)
	at org.openqa.selenium.remote.HttpCommandExecutor.execute(HttpCommandExecutor.java:215)
	at org.openqa.selenium.remote.service.DriverCommandExecutor.invokeExecute(DriverCommandExecutor.java:216)
	at org.openqa.selenium.remote.service.DriverCommandExecutor.execute(DriverCommandExecutor.java:174)
	at org.openqa.selenium.remote.RemoteWebDriver.execute(RemoteWebDriver.java:545)
	at org.openqa.selenium.remote.ElementLocation$ElementFinder$2.findElement(ElementLocation.java:165)
	at org.openqa.selenium.remote.ElementLocation.findElement(ElementLocation.java:59)
	at org.openqa.selenium.remote.RemoteWebDriver.findElement(RemoteWebDriver.java:368)
	at org.openqa.selenium.remote.RemoteWebDriver.findElement(RemoteWebDriver.java:362)
	at StepDefinition.AllSteps.user_should_be_able_to_view_success_message_after_uploading_the_image(AllSteps.java:507)
	at ✽.User should be able to view success message after uploading the image(file:///C:/Users/rams9/eclipse-workspace/Cielo365Project/./Feature/Feature.feature:153)
</textarea>
      
      </div>
              </div>
          </div>
        </div>
  </div>
  <div class="card">
    <div class="card-header" role="tab">
      <div class="card-title">
        <div class="node" id="163"><span class="badge log fail-bg mr-2">Fail</span>Verify whether user is able to create a site</div>
      </div>
    </div>
        <div class="">
          <div class="card-body">
              <div class="step pass-bg" title="StepDefinition.AllSteps.enter_the_url()">
                <span>Given Enter the URL</span>
      <div>
      </div>
              </div>
              <div class="step pass-bg" title="StepDefinition.AllSteps.enter_username_and_password()">
                <span>When Enter username and password</span>
      <div>
      </div>
              </div>
              <div class="step pass-bg" title="StepDefinition.AllSteps.click_on_privacy_checkbox()">
                <span>And Click on privacy checkbox</span>
      <div>
      </div>
              </div>
              <div class="step pass-bg" title="StepDefinition.AllSteps.click_on_signin_button()">
                <span>And Click on Signin button</span>
      <div>
      </div>
              </div>
              <div class="step fail-bg" title="StepDefinition.AllSteps.click_on_drop_down_and_select_the_value()">
                <span>And Click on drop down and select the value</span>
      <div>
        <textarea disabled class="code-block">org.openqa.selenium.TimeoutException: Expected condition failed: waiting for element to no longer be visible: By.cssSelector: .loader-container (tried for 20 second(s) with 500 milliseconds interval)
Build info: version: '4.28.1', revision: '73f5ad48a2'
System info: os.name: 'Windows 11', os.arch: 'amd64', os.version: '10.0', java.version: '23.0.1'
Driver info: org.openqa.selenium.chrome.ChromeDriver
Capabilities {acceptInsecureCerts: false, browserName: chrome, browserVersion: 142.0.7444.176, chrome: {chromedriverVersion: 142.0.7444.175 (302067f14a4..., userDataDir: C:\Users\rams9\AppData\Loca...}, fedcm:accounts: true, goog:chromeOptions: {debuggerAddress: localhost:58922}, goog:processID: 14364, networkConnectionEnabled: false, pageLoadStrategy: normal, platformName: windows, proxy: Proxy(), se:cdp: ws://localhost:58922/devtoo..., se:cdpVersion: 142.0.7444.176, setWindowRect: true, strictFileInteractability: false, timeouts: {implicit: 0, pageLoad: 300000, script: 30000}, unhandledPromptBehavior: dismiss and notify, webauthn:extension:credBlob: true, webauthn:extension:largeBlob: true, webauthn:extension:minPinLength: true, webauthn:extension:prf: true, webauthn:virtualAuthenticators: true}
Session ID: 97ddee828e4b2273eda895e95b371977
	at org.openqa.selenium.support.ui.WebDriverWait.timeoutException(WebDriverWait.java:84)
	at org.openqa.selenium.support.ui.FluentWait.until(FluentWait.java:228)
	at StepDefinition.AllSteps.click_on_drop_down_and_select_the_value(AllSteps.java:111)
	at ✽.Click on drop down and select the value(file:///C:/Users/rams9/eclipse-workspace/Cielo365Project/./Feature/Feature.feature:160)
</textarea>
      
      </div>
              </div>
              <div class="step skip-bg" title="StepDefinition.AllSteps.click_on_enter_button()">
                <span>And Click on Enter button</span>
      <div>Step skipped
      </div>
              </div>
              <div class="step skip-bg" title="StepDefinition.AllSteps.user_should_be_able_to_view_dashboard_page()">
                <span>Then User should be able to view dashboard page</span>
      <div>Step skipped
      </div>
              </div>
              <div class="step skip-bg" title="StepDefinition.AllSteps.click_on_site_module()">
                <span>And Click on Site module</span>
      <div>Step skipped
      </div>
              </div>
              <div class="step skip-bg" title="StepDefinition.AllSteps.click_on_allsite_submodule()">
                <span>And Click on Allsite submodule</span>
      <div>Step skipped
      </div>
              </div>
              <div class="step skip-bg" title="StepDefinition.AllSteps.click_on_create_icon_button_of_site()">
                <span>And Click on create icon button of site</span>
      <div>Step skipped
      </div>
              </div>
              <div class="step skip-bg" title="StepDefinition.AllSteps.enter_all_the_data_in_create_site_page()">
                <span>And Enter all the data in create site page</span>
      <div>Step skipped
      </div>
              </div>
              <div class="step skip-bg" title="StepDefinition.AllSteps.click_on_add_button_in_create_site_page()">
                <span>And Click on Add button in create site page</span>
      <div>Step skipped
      </div>
              </div>
              <div class="step skip-bg" title="StepDefinition.AllSteps.user_should_be_able_to_view_success_message_of_site()">
                <span>Then User should be able to view success message of site</span>
      <div>Step skipped
      </div>
              </div>
          </div>
        </div>
  </div>
</div>
          </div>
        </li>
      </ul>
    </div>
  </div>
<div class="test-content scrollable">
<div class="test-content-tools">
<ul><li><a class="back-to-test" href="#"><i class="fa fa-arrow-left"></i></a></li></ul>
</div>
<div class="test-content-detail"><div class="detail-body"></div></div>
</div></div>
<div class="test-wrapper row view exception-view attributes-view">
<div class="test-list">
<div class="test-list-tools">
<ul class="tools pull-left"><li><a href=""><span class="font-size-14">Exception</span></a></li></ul>
<ul class="tools text-right"><li><a href="#"><span class="badge badge-primary">2</span></a></li></ul>
</div>
<div class="test-list-wrapper scrollable">
<ul class="test-list-item">
<li class="test-item">
<div class="test-detail">
<span class="meta">
<span class='badge log badge-danger'>2</span>
</span>
<p class="name">org.openqa.selenium.TimeoutException</p>
<p class="duration text-sm">2 tests</p>
</div>
<div class="test-contents d-none">
<div class="info">
<h4>org.openqa.selenium.TimeoutException</h4>
<span status="fail" class='badge log badge-danger'>2 failed</span>
</div>
<table class='table table-sm mt-4'>
<thead>
<tr>
<th class="status-col">Status</th>
<th class="timestamp-col">Timestamp</th>
<th>TestName</th>
</tr>
</thead>
<tbody>
<tr class="tag-test-status" status="fail">
<td><span class="badge log fail-bg">Fail</span></td>
<td>15:06:21 PM</td>
<td>
<a href="#" class="linked" test-id='1' id='110'>And Click on drop down and select the value</a>
<div class="">
<span class="badge badge-default">Functional Testing.Verify whether user is able to scroll the department list page and print all the records on console.And Click on drop down and select the value</span>
</div>
</td>
</tr>
<tr class="tag-test-status" status="fail">
<td><span class="badge log fail-bg">Fail</span></td>
<td>15:08:29 PM</td>
<td>
<a href="#" class="linked" test-id='1' id='169'>And Click on drop down and select the value</a>
<div class="">
<span class="badge badge-default">Functional Testing.Verify whether user is able to create a site.And Click on drop down and select the value</span>
</div>
</td>
</tr>
</tbody>
</table>
</div>
</li>
<li class="test-item">
<div class="test-detail">
<span class="meta">
<span class='badge log badge-danger'>3</span>
</span>
<p class="name">org.openqa.selenium.NoSuchElementException</p>
<p class="duration text-sm">3 tests</p>
</div>
<div class="test-contents d-none">
<div class="info">
<h4>org.openqa.selenium.NoSuchElementException</h4>
<span status="fail" class='badge log badge-danger'>3 failed</span>
</div>
<table class='table table-sm mt-4'>
<thead>
<tr>
<th class="status-col">Status</th>
<th class="timestamp-col">Timestamp</th>
<th>TestName</th>
</tr>
</thead>
<tbody>
<tr class="tag-test-status" status="fail">
<td><span class="badge log fail-bg">Fail</span></td>
<td>15:07:07 PM</td>
<td>
<a href="#" class="linked" test-id='1' id='129'>And Enter the all the data in postion page</a>
<div class="">
<span class="badge badge-default">Functional Testing.Verify whether user is able to create position with valid data.And Enter the all the data in postion page</span>
</div>
</td>
</tr>
<tr class="tag-test-status" status="fail">
<td><span class="badge log fail-bg">Fail</span></td>
<td>15:07:37 PM</td>
<td>
<a href="#" class="linked" test-id='1' id='144'>And Click on Position delete button</a>
<div class="">
<span class="badge badge-default">Functional Testing.Verify whether us er is able to delete the postion.And Click on Position delete button</span>
</div>
</td>
</tr>
<tr class="tag-test-status" status="fail">
<td><span class="badge log fail-bg">Fail</span></td>
<td>15:08:05 PM</td>
<td>
<a href="#" class="linked" test-id='1' id='161'>Then User should be able to view success message after uploading the image</a>
<div class="">
<span class="badge badge-default">Functional Testing.Verify whether user is able to upload the profile with valid extension.Then User should be able to view success message after uploading the image</span>
</div>
</td>
</tr>
</tbody>
</table>
</div>
</li>
</ul>
</div>
</div>
<div class="test-content scrollable">
<div class="test-content-detail">
<div class="detail-body"></div>
</div>
</div>
</div><div class="test-wrapper row view category-view attributes-view">
<div class="test-list">
<div class="test-list-tools">
<ul class="tools pull-left"><li><a href=""><span class="font-size-14">Category</span></a></li></ul>
<ul class="tools text-right"><li><a href="#"><span class="badge badge-primary">13</span></a></li></ul>
</div>
<div class="test-list-wrapper scrollable">
<ul class="test-list-item">
<li class="test-item">
<div class="test-detail">
<span class="meta">
<span class='badge log badge-danger'>1</span>
</span>
<p class="name">@tag10</p>
<p class="duration text-sm">1 tests</p>
</div>
<div class="test-contents d-none">
<div class="info">
<h4>@tag10</h4>
<span status="fail" class='badge log badge-danger'>1 failed</span>
</div>
<table class='table table-sm mt-4'>
<thead>
<tr>
<th class="status-col">Status</th>
<th class="timestamp-col">Timestamp</th>
<th>TestName</th>
</tr>
</thead>
<tbody>
<tr class="tag-test-status" status="fail">
<td><span class="badge log fail-bg">Fail</span></td>
<td>15:07:08 PM</td>
<td>
<a href="#" class="linked" test-id='1' id='133'>Verify whether us er is able to delete the postion</a>
<div class="">
<span class="badge badge-default">Functional Testing.Verify whether us er is able to delete the postion</span>
</div>
</td>
</tr>
</tbody>
</table>
</div>
</li>
<li class="test-item">
<div class="test-detail">
<span class="meta">
<span class='badge log pass-bg'>1</span>
</span>
<p class="name">@tag4</p>
<p class="duration text-sm">1 tests</p>
</div>
<div class="test-contents d-none">
<div class="info">
<h4>@tag4</h4>
<span status="pass" class='badge log pass-bg'>1 passed</span>
</div>
<table class='table table-sm mt-4'>
<thead>
<tr>
<th class="status-col">Status</th>
<th class="timestamp-col">Timestamp</th>
<th>TestName</th>
</tr>
</thead>
<tbody>
<tr class="tag-test-status" status="pass">
<td><span class="badge log pass-bg">Pass</span></td>
<td>15:04:17 PM</td>
<td>
<a href="#" class="linked" test-id='1' id='41'>Verify whether user is able to create Department</a>
<div class="">
<span class="badge badge-default">Functional Testing.Verify whether user is able to create Department</span>
</div>
</td>
</tr>
</tbody>
</table>
</div>
</li>
<li class="test-item">
<div class="test-detail">
<span class="meta">
<span class='badge log pass-bg'>1</span>
</span>
<p class="name">@tag6</p>
<p class="duration text-sm">1 tests</p>
</div>
<div class="test-contents d-none">
<div class="info">
<h4>@tag6</h4>
<span status="pass" class='badge log pass-bg'>1 passed</span>
</div>
<table class='table table-sm mt-4'>
<thead>
<tr>
<th class="status-col">Status</th>
<th class="timestamp-col">Timestamp</th>
<th>TestName</th>
</tr>
</thead>
<tbody>
<tr class="tag-test-status" status="pass">
<td><span class="badge log pass-bg">Pass</span></td>
<td>15:05:19 PM</td>
<td>
<a href="#" class="linked" test-id='1' id='73'>Verify whether user is able to Edit the data in edit department page</a>
<div class="">
<span class="badge badge-default">Functional Testing.Verify whether user is able to Edit the data in edit department page</span>
</div>
</td>
</tr>
</tbody>
</table>
</div>
</li>
<li class="test-item">
<div class="test-detail">
<span class="meta">
<span class='badge log badge-danger'>1</span>
</span>
<p class="name">@tag9</p>
<p class="duration text-sm">1 tests</p>
</div>
<div class="test-contents d-none">
<div class="info">
<h4>@tag9</h4>
<span status="fail" class='badge log badge-danger'>1 failed</span>
</div>
<table class='table table-sm mt-4'>
<thead>
<tr>
<th class="status-col">Status</th>
<th class="timestamp-col">Timestamp</th>
<th>TestName</th>
</tr>
</thead>
<tbody>
<tr class="tag-test-status" status="fail">
<td><span class="badge log fail-bg">Fail</span></td>
<td>15:06:42 PM</td>
<td>
<a href="#" class="linked" test-id='1' id='117'>Verify whether user is able to create position with valid data</a>
<div class="">
<span class="badge badge-default">Functional Testing.Verify whether user is able to create position with valid data</span>
</div>
</td>
</tr>
</tbody>
</table>
</div>
</li>
<li class="test-item">
<div class="test-detail">
<span class="meta">
<span class='badge log pass-bg'>1</span>
</span>
<p class="name">@tag3</p>
<p class="duration text-sm">1 tests</p>
</div>
<div class="test-contents d-none">
<div class="info">
<h4>@tag3</h4>
<span status="pass" class='badge log pass-bg'>1 passed</span>
</div>
<table class='table table-sm mt-4'>
<thead>
<tr>
<th class="status-col">Status</th>
<th class="timestamp-col">Timestamp</th>
<th>TestName</th>
</tr>
</thead>
<tbody>
<tr class="tag-test-status" status="pass">
<td><span class="badge log pass-bg">Pass</span></td>
<td>15:03:40 PM</td>
<td>
<a href="#" class="linked" test-id='1' id='25'>Verify whether user is able to create carholder by entering valid data</a>
<div class="">
<span class="badge badge-default">Functional Testing.Verify whether user is able to create carholder by entering valid data</span>
</div>
</td>
</tr>
</tbody>
</table>
</div>
</li>
<li class="test-item">
<div class="test-detail">
<span class="meta">
<span class='badge log pass-bg'>1</span>
</span>
<p class="name">@tag5</p>
<p class="duration text-sm">1 tests</p>
</div>
<div class="test-contents d-none">
<div class="info">
<h4>@tag5</h4>
<span status="pass" class='badge log pass-bg'>1 passed</span>
</div>
<table class='table table-sm mt-4'>
<thead>
<tr>
<th class="status-col">Status</th>
<th class="timestamp-col">Timestamp</th>
<th>TestName</th>
</tr>
</thead>
<tbody>
<tr class="tag-test-status" status="pass">
<td><span class="badge log pass-bg">Pass</span></td>
<td>15:04:44 PM</td>
<td>
<a href="#" class="linked" test-id='1' id='57'>Verify whether user is able to import the valid file like xls and csv</a>
<div class="">
<span class="badge badge-default">Functional Testing.Verify whether user is able to import the valid file like xls and csv</span>
</div>
</td>
</tr>
</tbody>
</table>
</div>
</li>
<li class="test-item">
<div class="test-detail">
<span class="meta">
<span class='badge log pass-bg'>7</span>
<span class='badge log badge-danger'>5</span>
</span>
<p class="name">@tag</p>
<p class="duration text-sm">12 tests</p>
</div>
<div class="test-contents d-none">
<div class="info">
<h4>@tag</h4>
<span status="pass" class='badge log pass-bg'>7 passed</span>
<span status="fail" class='badge log badge-danger'>5 failed</span>
</div>
<table class='table table-sm mt-4'>
<thead>
<tr>
<th class="status-col">Status</th>
<th class="timestamp-col">Timestamp</th>
<th>TestName</th>
</tr>
</thead>
<tbody>
<tr class="tag-test-status" status="pass">
<td><span class="badge log pass-bg">Pass</span></td>
<td>15:02:28 PM</td>
<td>
<a href="#" class="linked" test-id='1' id='2'>Verify whether user is able to login the application with valid credentials</a>
<div class="">
<span class="badge badge-default">Functional Testing.Verify whether user is able to login the application with valid credentials</span>
</div>
</td>
</tr>
<tr class="tag-test-status" status="pass">
<td><span class="badge log pass-bg">Pass</span></td>
<td>15:02:56 PM</td>
<td>
<a href="#" class="linked" test-id='1' id='12'>Verify whether after login the application user is able to perform click operation in cardholder module</a>
<div class="">
<span class="badge badge-default">Functional Testing.Verify whether after login the application user is able to perform click operation in cardholder module</span>
</div>
</td>
</tr>
<tr class="tag-test-status" status="pass">
<td><span class="badge log pass-bg">Pass</span></td>
<td>15:03:40 PM</td>
<td>
<a href="#" class="linked" test-id='1' id='25'>Verify whether user is able to create carholder by entering valid data</a>
<div class="">
<span class="badge badge-default">Functional Testing.Verify whether user is able to create carholder by entering valid data</span>
</div>
</td>
</tr>
<tr class="tag-test-status" status="pass">
<td><span class="badge log pass-bg">Pass</span></td>
<td>15:04:17 PM</td>
<td>
<a href="#" class="linked" test-id='1' id='41'>Verify whether user is able to create Department</a>
<div class="">
<span class="badge badge-default">Functional Testing.Verify whether user is able to create Department</span>
</div>
</td>
</tr>
<tr class="tag-test-status" status="pass">
<td><span class="badge log pass-bg">Pass</span></td>
<td>15:04:44 PM</td>
<td>
<a href="#" class="linked" test-id='1' id='57'>Verify whether user is able to import the valid file like xls and csv</a>
<div class="">
<span class="badge badge-default">Functional Testing.Verify whether user is able to import the valid file like xls and csv</span>
</div>
</td>
</tr>
<tr class="tag-test-status" status="pass">
<td><span class="badge log pass-bg">Pass</span></td>
<td>15:05:19 PM</td>
<td>
<a href="#" class="linked" test-id='1' id='73'>Verify whether user is able to Edit the data in edit department page</a>
<div class="">
<span class="badge badge-default">Functional Testing.Verify whether user is able to Edit the data in edit department page</span>
</div>
</td>
</tr>
<tr class="tag-test-status" status="pass">
<td><span class="badge log pass-bg">Pass</span></td>
<td>15:05:45 PM</td>
<td>
<a href="#" class="linked" test-id='1' id='89'>Verify whether user is able to delete the single records from department list page which is unmapped</a>
<div class="">
<span class="badge badge-default">Functional Testing.Verify whether user is able to delete the single records from department list page which is unmapped</span>
</div>
</td>
</tr>
<tr class="tag-test-status" status="fail">
<td><span class="badge log fail-bg">Fail</span></td>
<td>15:06:10 PM</td>
<td>
<a href="#" class="linked" test-id='1' id='104'>Verify whether user is able to scroll the department list page and print all the records on console</a>
<div class="">
<span class="badge badge-default">Functional Testing.Verify whether user is able to scroll the department list page and print all the records on console</span>
</div>
</td>
</tr>
<tr class="tag-test-status" status="fail">
<td><span class="badge log fail-bg">Fail</span></td>
<td>15:06:42 PM</td>
<td>
<a href="#" class="linked" test-id='1' id='117'>Verify whether user is able to create position with valid data</a>
<div class="">
<span class="badge badge-default">Functional Testing.Verify whether user is able to create position with valid data</span>
</div>
</td>
</tr>
<tr class="tag-test-status" status="fail">
<td><span class="badge log fail-bg">Fail</span></td>
<td>15:07:08 PM</td>
<td>
<a href="#" class="linked" test-id='1' id='133'>Verify whether us er is able to delete the postion</a>
<div class="">
<span class="badge badge-default">Functional Testing.Verify whether us er is able to delete the postion</span>
</div>
</td>
</tr>
<tr class="tag-test-status" status="fail">
<td><span class="badge log fail-bg">Fail</span></td>
<td>15:07:38 PM</td>
<td>
<a href="#" class="linked" test-id='1' id='148'>Verify whether user is able to upload the profile with valid extension</a>
<div class="">
<span class="badge badge-default">Functional Testing.Verify whether user is able to upload the profile with valid extension</span>
</div>
</td>
</tr>
<tr class="tag-test-status" status="fail">
<td><span class="badge log fail-bg">Fail</span></td>
<td>15:08:05 PM</td>
<td>
<a href="#" class="linked" test-id='1' id='163'>Verify whether user is able to create a site</a>
<div class="">
<span class="badge badge-default">Functional Testing.Verify whether user is able to create a site</span>
</div>
</td>
</tr>
</tbody>
</table>
</div>
</li>
<li class="test-item">
<div class="test-detail">
<span class="meta">
<span class='badge log pass-bg'>1</span>
</span>
<p class="name">@tag1</p>
<p class="duration text-sm">1 tests</p>
</div>
<div class="test-contents d-none">
<div class="info">
<h4>@tag1</h4>
<span status="pass" class='badge log pass-bg'>1 passed</span>
</div>
<table class='table table-sm mt-4'>
<thead>
<tr>
<th class="status-col">Status</th>
<th class="timestamp-col">Timestamp</th>
<th>TestName</th>
</tr>
</thead>
<tbody>
<tr class="tag-test-status" status="pass">
<td><span class="badge log pass-bg">Pass</span></td>
<td>15:02:28 PM</td>
<td>
<a href="#" class="linked" test-id='1' id='2'>Verify whether user is able to login the application with valid credentials</a>
<div class="">
<span class="badge badge-default">Functional Testing.Verify whether user is able to login the application with valid credentials</span>
</div>
</td>
</tr>
</tbody>
</table>
</div>
</li>
<li class="test-item">
<div class="test-detail">
<span class="meta">
<span class='badge log badge-danger'>1</span>
</span>
<p class="name">@tag8</p>
<p class="duration text-sm">1 tests</p>
</div>
<div class="test-contents d-none">
<div class="info">
<h4>@tag8</h4>
<span status="fail" class='badge log badge-danger'>1 failed</span>
</div>
<table class='table table-sm mt-4'>
<thead>
<tr>
<th class="status-col">Status</th>
<th class="timestamp-col">Timestamp</th>
<th>TestName</th>
</tr>
</thead>
<tbody>
<tr class="tag-test-status" status="fail">
<td><span class="badge log fail-bg">Fail</span></td>
<td>15:06:10 PM</td>
<td>
<a href="#" class="linked" test-id='1' id='104'>Verify whether user is able to scroll the department list page and print all the records on console</a>
<div class="">
<span class="badge badge-default">Functional Testing.Verify whether user is able to scroll the department list page and print all the records on console</span>
</div>
</td>
</tr>
</tbody>
</table>
</div>
</li>
<li class="test-item">
<div class="test-detail">
<span class="meta">
<span class='badge log badge-danger'>1</span>
</span>
<p class="name">@tag12</p>
<p class="duration text-sm">1 tests</p>
</div>
<div class="test-contents d-none">
<div class="info">
<h4>@tag12</h4>
<span status="fail" class='badge log badge-danger'>1 failed</span>
</div>
<table class='table table-sm mt-4'>
<thead>
<tr>
<th class="status-col">Status</th>
<th class="timestamp-col">Timestamp</th>
<th>TestName</th>
</tr>
</thead>
<tbody>
<tr class="tag-test-status" status="fail">
<td><span class="badge log fail-bg">Fail</span></td>
<td>15:08:05 PM</td>
<td>
<a href="#" class="linked" test-id='1' id='163'>Verify whether user is able to create a site</a>
<div class="">
<span class="badge badge-default">Functional Testing.Verify whether user is able to create a site</span>
</div>
</td>
</tr>
</tbody>
</table>
</div>
</li>
<li class="test-item">
<div class="test-detail">
<span class="meta">
<span class='badge log pass-bg'>1</span>
</span>
<p class="name">@tag7</p>
<p class="duration text-sm">1 tests</p>
</div>
<div class="test-contents d-none">
<div class="info">
<h4>@tag7</h4>
<span status="pass" class='badge log pass-bg'>1 passed</span>
</div>
<table class='table table-sm mt-4'>
<thead>
<tr>
<th class="status-col">Status</th>
<th class="timestamp-col">Timestamp</th>
<th>TestName</th>
</tr>
</thead>
<tbody>
<tr class="tag-test-status" status="pass">
<td><span class="badge log pass-bg">Pass</span></td>
<td>15:05:45 PM</td>
<td>
<a href="#" class="linked" test-id='1' id='89'>Verify whether user is able to delete the single records from department list page which is unmapped</a>
<div class="">
<span class="badge badge-default">Functional Testing.Verify whether user is able to delete the single records from department list page which is unmapped</span>
</div>
</td>
</tr>
</tbody>
</table>
</div>
</li>
<li class="test-item">
<div class="test-detail">
<span class="meta">
<span class='badge log pass-bg'>1</span>
</span>
<p class="name">@tag2</p>
<p class="duration text-sm">1 tests</p>
</div>
<div class="test-contents d-none">
<div class="info">
<h4>@tag2</h4>
<span status="pass" class='badge log pass-bg'>1 passed</span>
</div>
<table class='table table-sm mt-4'>
<thead>
<tr>
<th class="status-col">Status</th>
<th class="timestamp-col">Timestamp</th>
<th>TestName</th>
</tr>
</thead>
<tbody>
<tr class="tag-test-status" status="pass">
<td><span class="badge log pass-bg">Pass</span></td>
<td>15:02:56 PM</td>
<td>
<a href="#" class="linked" test-id='1' id='12'>Verify whether after login the application user is able to perform click operation in cardholder module</a>
<div class="">
<span class="badge badge-default">Functional Testing.Verify whether after login the application user is able to perform click operation in cardholder module</span>
</div>
</td>
</tr>
</tbody>
</table>
</div>
</li>
<li class="test-item">
<div class="test-detail">
<span class="meta">
<span class='badge log badge-danger'>1</span>
</span>
<p class="name">@tag11</p>
<p class="duration text-sm">1 tests</p>
</div>
<div class="test-contents d-none">
<div class="info">
<h4>@tag11</h4>
<span status="fail" class='badge log badge-danger'>1 failed</span>
</div>
<table class='table table-sm mt-4'>
<thead>
<tr>
<th class="status-col">Status</th>
<th class="timestamp-col">Timestamp</th>
<th>TestName</th>
</tr>
</thead>
<tbody>
<tr class="tag-test-status" status="fail">
<td><span class="badge log fail-bg">Fail</span></td>
<td>15:07:38 PM</td>
<td>
<a href="#" class="linked" test-id='1' id='148'>Verify whether user is able to upload the profile with valid extension</a>
<div class="">
<span class="badge badge-default">Functional Testing.Verify whether user is able to upload the profile with valid extension</span>
</div>
</td>
</tr>
</tbody>
</table>
</div>
</li>
</ul>
</div>
</div>
<div class="test-content scrollable">
<div class="test-content-detail">
<div class="detail-body"></div>
</div>
</div>
</div><div class="container-fluid p-4 view dashboard-view">
<div class="row">
<div class="col-md-3">
<div class="card"><div class="card-body">
<p class="m-b-0">Started</p>
<h3>Nov 26, 2025 03:02:26 PM</h3>
</div></div>
</div>
<div class="col-md-3">
<div class="card"><div class="card-body">
<p class="m-b-0">Ended</p>
<h3>Nov 26, 2025 03:08:49 PM</h3>
</div></div>
</div>
<div class="col-md-3">
<div class="card"><div class="card-body">
<p class="m-b-0 text-pass">Features Passed</p>
<h3>0</h3>
</div></div>
</div>
<div class="col-md-3">
<div class="card"><div class="card-body">
<p class="m-b-0 text-fail">Features Failed</p>
<h3>1</h3>
</div></div>
</div>
</div>
<div class="row">
<div class="col-md-4">
<div class="card">
<div class="card-header">
<h6 class="card-title">Features</h6>
</div>
<div class="card-body">
<div class="">
<canvas id='parent-analysis' width='115' height='90'></canvas>
</div>
</div>
<div class="card-footer">
<div><small data-tooltip='0%'>
<b>0</b> features passed
</small>
</div>
<div>
<small data-tooltip='100%'><b>1</b> features failed,
<b>0</b> skipped, <b data-tooltip='0%'>0</b> others
</small>
</div>
</div>
</div>
</div>
<div class="col-md-4">
<div class="card">
<div class="card-header">
<h6 class="card-title">Scenarios</h6>
</div>
<div class="card-body">
<div class="">
<canvas id='child-analysis' width='115' height='90'></canvas>
</div>
</div>
<div class="card-footer">
<div><small data-tooltip='58%'><b>7</b> scenarios passed</small></div>
<div>
<small data-tooltip='41%'><b>5</b> scenarios failed,
<b>0</b> skipped, <b data-tooltip='%'>0</b> others
</small>
</div>
</div>
</div>
</div>
<div class="col-md-4">
<div class="card">
<div class="card-header">
<h6 class="card-title">Steps</h6>
</div>
<div class="card-body">
<div class="">
<canvas id='grandchild-analysis' width='115' height='90'></canvas>
</div>
</div>
<div class="card-footer">
<div><small data-tooltip='84%'><b>119</b> steps passed</small></div>
<div>
<small data-tooltip='3%'><b>5</b> steps failed,
<b>17</b> skipped, <b data-tooltip='%'>0</b> others
</small>
</div>
</div>
</div>
</div>
</div>
<div class="row"><div class="col-md-12">
<div class="card"><div class="card-header"><p>Timeline</p></div>
<div class="card-body pt-0"><div>
<canvas id="timeline" height="120"></canvas>
</div></div>
</div>
</div></div>
<script>
var timeline = {
"Functional Testing":381.643
};
</script>
<div class="row">
<div class="col-lg-6 col-md-12 category-container">
<div class="card">
<div class="card-header"><p>Tags</p></div>
<div class="card-body pb-0 pt-0"><table class="table table-sm table-bordered">
<thead><tr class="bg-gray"><th>Name</th><th>Passed</th><th>Failed</th><th>Skipped</th><th>Others</th><th>Passed %</th></tr></thead><tbody>
<tr>
<td>@tag10</td>
<td>0</td>
<td>1</td>
<td>0</td>
<td>0</td>
<td>0%</td>
</tr>
<tr>
<td>@tag4</td>
<td>1</td>
<td>0</td>
<td>0</td>
<td>0</td>
<td>100%</td>
</tr>
<tr>
<td>@tag6</td>
<td>1</td>
<td>0</td>
<td>0</td>
<td>0</td>
<td>100%</td>
</tr>
<tr>
<td>@tag9</td>
<td>0</td>
<td>1</td>
<td>0</td>
<td>0</td>
<td>0%</td>
</tr>
<tr>
<td>@tag3</td>
<td>1</td>
<td>0</td>
<td>0</td>
<td>0</td>
<td>100%</td>
</tr>
<tr>
<td>@tag5</td>
<td>1</td>
<td>0</td>
<td>0</td>
<td>0</td>
<td>100%</td>
</tr>
<tr>
<td>@tag</td>
<td>7</td>
<td>5</td>
<td>0</td>
<td>0</td>
<td>58.333%</td>
</tr>
<tr>
<td>@tag1</td>
<td>1</td>
<td>0</td>
<td>0</td>
<td>0</td>
<td>100%</td>
</tr>
<tr>
<td>@tag8</td>
<td>0</td>
<td>1</td>
<td>0</td>
<td>0</td>
<td>0%</td>
</tr>
<tr>
<td>@tag12</td>
<td>0</td>
<td>1</td>
<td>0</td>
<td>0</td>
<td>0%</td>
</tr>
<tr>
<td>@tag7</td>
<td>1</td>
<td>0</td>
<td>0</td>
<td>0</td>
<td>100%</td>
</tr>
<tr>
<td>@tag2</td>
<td>1</td>
<td>0</td>
<td>0</td>
<td>0</td>
<td>100%</td>
</tr>
<tr>
<td>@tag11</td>
<td>0</td>
<td>1</td>
<td>0</td>
<td>0</td>
<td>0%</td>
</tr>
</tbody>
</table></div>
</div>
</div>
<div class="col-lg-6 col-md-12 sysenv-container">
<div class="card">
<div class="card-header"><p>System/Environment</p></div>
<div class="card-body pb-0 pt-0"><table class="table table-sm table-bordered">
<thead><tr class="bg-gray"><th>Name</th><th>Value</th></tr></thead>
<tbody>
<tr>
<td>AppName</td>
<td>Cielo</td>
</tr>
<tr>
<td>user</td>
<td>Shankar</td>
</tr>
<tr>
<td>build</td>
<td>3.0</td>
</tr>
</tbody>
</table></div>
</div>
</div>
</div>
</div>
<script>
var statusGroup = {
parentCount: 5,
passParent: 0,
failParent: 1,
warningParent: 0,
skipParent: 0,
childCount: 5,
passChild: 7,
failChild: 5,
warningChild: 0,
skipChild: 0,
infoChild: 0,
grandChildCount: 5,
passGrandChild: 119,
failGrandChild: 5,
warningGrandChild: 0,
skipGrandChild: 17,
infoGrandChild: 0,
eventsCount: 5,
};
</script>        </div>
      </div>
    </div>
  </div>
<script src="https://cdn.jsdelivr.net/gh/extent-framework/extent-github-cdn@d6562a79075e061305ccfdb82f01e5e195e2d307/spark/js/spark-script.js"></script>
<script type="text/javascript"></script></body>
</html>