<?xml version="1.0" encoding="UTF-8"?>
<testng-results ignored="0" total="4" passed="4" failed="0" skipped="0">
  <reporter-output>
  </reporter-output>
  <suite started-at="2026-03-04T22:56:46 IST" name="Default suite" finished-at="2026-03-04T22:57:45 IST" duration-ms="58956">
    <groups>
      <group name="cucumber">
        <method signature="AbstractTestNGCucumberTests.runScenario(io.cucumber.testng.PickleWrapper,io.cucumber.testng.FeatureWrapper)[pri:0, instance:RunnerPackage.RunnerClass@7975d1d8]" name="runScenario" class="io.cucumber.testng.AbstractTestNGCucumberTests"/>
      </group> <!-- cucumber -->
    </groups>
    <test started-at="2026-03-04T22:56:46 IST" name="Default test" finished-at="2026-03-04T22:57:45 IST" duration-ms="58956">
      <class name="RunnerPackage.RunnerClass">
        <test-method is-config="true" signature="setUpClass(org.testng.ITestContext)[pri:0, instance:RunnerPackage.RunnerClass@7975d1d8]" started-at="2026-03-04T22:56:47 IST" name="setUpClass" finished-at="2026-03-04T22:56:47 IST" duration-ms="945" status="PASS">
          <params>
            <param index="0">
              <value>
                <![CDATA[org.testng.TestRunner@1cd2ff5b]]>
              </value>
            </param>
          </params>
          <reporter-output>
          </reporter-output>
        </test-method> <!-- setUpClass -->
        <test-method signature="runScenario(io.cucumber.testng.PickleWrapper,io.cucumber.testng.FeatureWrapper)[pri:0, instance:RunnerPackage.RunnerClass@7975d1d8]" started-at="2026-03-04T22:56:47 IST" name="runScenario" description="Runs Cucumber Scenarios" data-provider="scenarios" finished-at="2026-03-04T22:57:07 IST" duration-ms="19552" status="PASS">
          <params>
            <param index="0">
              <value>
                <![CDATA["Verify whether user is able to login the application with valid credentials"]]>
              </value>
            </param>
            <param index="1">
              <value>
                <![CDATA["Functional Testing"]]>
              </value>
            </param>
          </params>
          <reporter-output>
          </reporter-output>
        </test-method> <!-- runScenario -->
        <test-method signature="runScenario(io.cucumber.testng.PickleWrapper,io.cucumber.testng.FeatureWrapper)[pri:0, instance:RunnerPackage.RunnerClass@7975d1d8]" started-at="2026-03-04T22:57:07 IST" name="runScenario" description="Runs Cucumber Scenarios" data-provider="scenarios" finished-at="2026-03-04T22:57:17 IST" duration-ms="10412" status="PASS">
          <params>
            <param index="0">
              <value>
                <![CDATA["Verify whether user is able to login the application with invalid username and invalid password"]]>
              </value>
            </param>
            <param index="1">
              <value>
                <![CDATA["Functional Testing"]]>
              </value>
            </param>
          </params>
          <reporter-output>
          </reporter-output>
        </test-method> <!-- runScenario -->
        <test-method signature="runScenario(io.cucumber.testng.PickleWrapper,io.cucumber.testng.FeatureWrapper)[pri:0, instance:RunnerPackage.RunnerClass@7975d1d8]" started-at="2026-03-04T22:57:17 IST" name="runScenario" description="Runs Cucumber Scenarios" data-provider="scenarios" finished-at="2026-03-04T22:57:35 IST" duration-ms="17145" status="PASS">
          <params>
            <param index="0">
              <value>
                <![CDATA["Verify whether user is able to login the application with invalid username but valid password"]]>
              </value>
            </param>
            <param index="1">
              <value>
                <![CDATA["Functional Testing"]]>
              </value>
            </param>
          </params>
          <reporter-output>
          </reporter-output>
        </test-method> <!-- runScenario -->
        <test-method signature="runScenario(io.cucumber.testng.PickleWrapper,io.cucumber.testng.FeatureWrapper)[pri:0, instance:RunnerPackage.RunnerClass@7975d1d8]" started-at="2026-03-04T22:57:35 IST" name="runScenario" description="Runs Cucumber Scenarios" data-provider="scenarios" finished-at="2026-03-04T22:57:45 IST" duration-ms="10021" status="PASS">
          <params>
            <param index="0">
              <value>
                <![CDATA["Verify whether user is able to login the application with valid username but invalid password"]]>
              </value>
            </param>
            <param index="1">
              <value>
                <![CDATA["Functional Testing"]]>
              </value>
            </param>
          </params>
          <reporter-output>
          </reporter-output>
        </test-method> <!-- runScenario -->
        <test-method is-config="true" signature="tearDownClass()[pri:0, instance:RunnerPackage.RunnerClass@7975d1d8]" started-at="2026-03-04T22:57:45 IST" name="tearDownClass" finished-at="2026-03-04T22:57:45 IST" duration-ms="791" status="PASS">
          <reporter-output>
          </reporter-output>
        </test-method> <!-- tearDownClass -->
      </class> <!-- RunnerPackage.RunnerClass -->
    </test> <!-- Default test -->
  </suite> <!-- Default suite -->
</testng-results>
