<?xml version="1.0" encoding="UTF-8"?>
<testng-results ignored="0" total="3" passed="3" failed="0" skipped="0">
  <reporter-output>
  </reporter-output>
  <suite started-at="2025-10-17T14:47:22 IST" name="Default suite" finished-at="2025-10-17T14:48:53 IST" duration-ms="91038">
    <groups>
      <group name="cucumber">
        <method signature="AbstractTestNGCucumberTests.runScenario(io.cucumber.testng.PickleWrapper,io.cucumber.testng.FeatureWrapper)[pri:0, instance:RunnerPackage.RunnerClass@41f69e84]" name="runScenario" class="io.cucumber.testng.AbstractTestNGCucumberTests"/>
      </group> <!-- cucumber -->
    </groups>
    <test started-at="2025-10-17T14:47:22 IST" name="Default test" finished-at="2025-10-17T14:48:53 IST" duration-ms="91038">
      <class name="RunnerPackage.RunnerClass">
        <test-method is-config="true" signature="setUpClass(org.testng.ITestContext)[pri:0, instance:RunnerPackage.RunnerClass@41f69e84]" started-at="2025-10-17T14:47:22 IST" name="setUpClass" finished-at="2025-10-17T14:47:22 IST" duration-ms="250" status="PASS">
          <params>
            <param index="0">
              <value>
                <![CDATA[org.testng.TestRunner@31a136a6]]>
              </value>
            </param>
          </params>
          <reporter-output>
          </reporter-output>
        </test-method> <!-- setUpClass -->
        <test-method signature="runScenario(io.cucumber.testng.PickleWrapper,io.cucumber.testng.FeatureWrapper)[pri:0, instance:RunnerPackage.RunnerClass@41f69e84]" started-at="2025-10-17T14:47:22 IST" name="runScenario" description="Runs Cucumber Scenarios" data-provider="scenarios" finished-at="2025-10-17T14:47:36 IST" duration-ms="14045" status="PASS">
          <params>
            <param index="0">
              <value>
                <![CDATA["Verify whether user is able to login the application with valid credentials"]]>
              </value>
            </param>
            <param index="1">
              <value>
                <![CDATA["Functional Testing"]]>
              </value>
            </param>
          </params>
          <reporter-output>
          </reporter-output>
        </test-method> <!-- runScenario -->
        <test-method signature="runScenario(io.cucumber.testng.PickleWrapper,io.cucumber.testng.FeatureWrapper)[pri:0, instance:RunnerPackage.RunnerClass@41f69e84]" started-at="2025-10-17T14:47:36 IST" name="runScenario" description="Runs Cucumber Scenarios" data-provider="scenarios" finished-at="2025-10-17T14:48:13 IST" duration-ms="36978" status="PASS">
          <params>
            <param index="0">
              <value>
                <![CDATA["Verify whether after login the application user is able to perform click operation in cardholder module"]]>
              </value>
            </param>
            <param index="1">
              <value>
                <![CDATA["Functional Testing"]]>
              </value>
            </param>
          </params>
          <reporter-output>
          </reporter-output>
        </test-method> <!-- runScenario -->
        <test-method signature="runScenario(io.cucumber.testng.PickleWrapper,io.cucumber.testng.FeatureWrapper)[pri:0, instance:RunnerPackage.RunnerClass@41f69e84]" started-at="2025-10-17T14:48:13 IST" name="runScenario" description="Runs Cucumber Scenarios" data-provider="scenarios" finished-at="2025-10-17T14:48:53 IST" duration-ms="39528" status="PASS">
          <params>
            <param index="0">
              <value>
                <![CDATA["Verify whether user is able to create carholder by entering valid data"]]>
              </value>
            </param>
            <param index="1">
              <value>
                <![CDATA["Functional Testing"]]>
              </value>
            </param>
          </params>
          <reporter-output>
          </reporter-output>
        </test-method> <!-- runScenario -->
        <test-method is-config="true" signature="tearDownClass()[pri:0, instance:RunnerPackage.RunnerClass@41f69e84]" started-at="2025-10-17T14:48:53 IST" name="tearDownClass" finished-at="2025-10-17T14:48:53 IST" duration-ms="201" status="PASS">
          <reporter-output>
          </reporter-output>
        </test-method> <!-- tearDownClass -->
      </class> <!-- RunnerPackage.RunnerClass -->
    </test> <!-- Default test -->
  </suite> <!-- Default suite -->
</testng-results>
