<?xml version="1.0" encoding="UTF-8"?>
<!-- Generated by org.testng.reporters.JUnitReportReporter -->
<testsuite hostname="Asus" failures="0" tests="4" name="RunnerPackage.RunnerClass" time="57.130" errors="0" timestamp="2026-03-04T22:57:46 IST" skipped="0">
  <testcase classname="RunnerPackage.RunnerClass" name="runScenario" time="19.552"/>
  <testcase classname="RunnerPackage.RunnerClass" name="runScenario" time="10.021"/>
  <testcase classname="RunnerPackage.RunnerClass" name="runScenario" time="10.412"/>
  <testcase classname="RunnerPackage.RunnerClass" name="runScenario" time="17.145"/>
</testsuite> <!-- RunnerPackage.RunnerClass -->
