<?xml version="1.0" encoding="UTF-8"?>
<!-- Generated by org.testng.reporters.JUnitReportReporter -->
<testsuite hostname="Asus" failures="0" tests="9" name="RunnerPackage.RunnerClass" time="75.539" errors="1" timestamp="2026-03-16T14:15:33 IST" skipped="0">
  <testcase classname="RunnerPackage.RunnerClass" name="runScenario" time="7.818"/>
  <testcase classname="RunnerPackage.RunnerClass" name="runScenario" time="12.133"/>
  <testcase classname="RunnerPackage.RunnerClass" name="runScenario" time="12.725"/>
  <testcase classname="RunnerPackage.RunnerClass" name="runScenario" time="4.655"/>
  <testcase classname="RunnerPackage.RunnerClass" name="runScenario" time="3.302"/>
  <testcase classname="RunnerPackage.RunnerClass" name="runScenario" time="8.901"/>
  <testcase classname="RunnerPackage.RunnerClass" name="runScenario" time="13.138">
    <error message="Expected condition failed: waiting for element to be clickable: By.xpath: //p[text()=&#039;Invalid credentials. The user account will be locked after 1 failed attempt.&#039;] (tried for 10 second(s) with 500 milliseconds interval)
Build info: version: &#039;4.18.1&#039;, revision: &#039;b1d3319b48&#039;
System info: os.name: &#039;Windows 11&#039;, os.arch: &#039;amd64&#039;, os.version: &#039;10.0&#039;, java.version: &#039;23.0.1&#039;
Driver info: org.openqa.selenium.chrome.ChromeDriver
Capabilities {acceptInsecureCerts: false, browserName: chrome, browserVersion: 145.0.7632.160, chrome: {chromedriverVersion: 145.0.7632.117 (de4e5d6e13b..., userDataDir: C:\Users\rams9\AppData\Loca...}, fedcm:accounts: true, goog:chromeOptions: {debuggerAddress: localhost:50697}, goog:processID: 22908, networkConnectionEnabled: false, pageLoadStrategy: normal, platformName: windows, proxy: Proxy(), se:cdp: ws://localhost:50697/devtoo..., se:cdpVersion: 145.0.7632.160, setWindowRect: true, strictFileInteractability: false, timeouts: {implicit: 0, pageLoad: 300000, script: 30000}, unhandledPromptBehavior: dismiss and notify, webauthn:extension:credBlob: true, webauthn:extension:largeBlob: true, webauthn:extension:minPinLength: true, webauthn:extension:prf: true, webauthn:virtualAuthenticators: true}
Session ID: 7e5ea4977edecebadd2b3fb4769fc2cb" type="org.openqa.selenium.TimeoutException">
      <![CDATA[org.openqa.selenium.TimeoutException: Expected condition failed: waiting for element to be clickable: By.xpath: //p[text()='Invalid credentials. The user account will be locked after 1 failed attempt.'] (tried for 10 second(s) with 500 milliseconds interval)
Build info: version: '4.18.1', revision: 'b1d3319b48'
System info: os.name: 'Windows 11', os.arch: 'amd64', os.version: '10.0', java.version: '23.0.1'
Driver info: org.openqa.selenium.chrome.ChromeDriver
Capabilities {acceptInsecureCerts: false, browserName: chrome, browserVersion: 145.0.7632.160, chrome: {chromedriverVersion: 145.0.7632.117 (de4e5d6e13b..., userDataDir: C:\Users\rams9\AppData\Loca...}, fedcm:accounts: true, goog:chromeOptions: {debuggerAddress: localhost:50697}, goog:processID: 22908, networkConnectionEnabled: false, pageLoadStrategy: normal, platformName: windows, proxy: Proxy(), se:cdp: ws://localhost:50697/devtoo..., se:cdpVersion: 145.0.7632.160, setWindowRect: true, strictFileInteractability: false, timeouts: {implicit: 0, pageLoad: 300000, script: 30000}, unhandledPromptBehavior: dismiss and notify, webauthn:extension:credBlob: true, webauthn:extension:largeBlob: true, webauthn:extension:minPinLength: true, webauthn:extension:prf: true, webauthn:virtualAuthenticators: true}
Session ID: 7e5ea4977edecebadd2b3fb4769fc2cb
at org.openqa.selenium.support.ui.WebDriverWait.timeoutException(WebDriverWait.java:84)
at org.openqa.selenium.support.ui.FluentWait.until(FluentWait.java:228)
at StepDefinition.AllSteps.user_should_be_able_to_view_error_message_invalid_credentials_the_user_account_will_be_locked_after_two_failed_attempts(AllSteps.java:174)
at ✽.User should be able to view error message Invalid credentials The user account will be locked after two failed attempts(file:///C:/Users/rams9/eclipse-workspace/Cielo365Project/./Feature/Feature.feature:36)
]]>
    </error>
  </testcase> <!-- runScenario -->
  <testcase classname="RunnerPackage.RunnerClass" name="runScenario" time="3.129"/>
  <testcase classname="RunnerPackage.RunnerClass" name="runScenario" time="9.738"/>
</testsuite> <!-- RunnerPackage.RunnerClass -->
